{
  "RSpec": {
    "coverage": {
      "/Users/taylorvaroglu/Desktop/DesktopFiles/mod1/independent-challenges/seattle_grace_2105/lib/doctor.rb": {
        "lines": [
          1,
          1,
          null,
          1,
          20,
          1,
          1,
          1,
          1,
          1,
          1,
          1,
          1,
          1,
          null,
          19,
          19,
          19,
          19,
          null,
          null,
          null,
          null
        ]
      },
      "/Users/taylorvaroglu/Desktop/DesktopFiles/mod1/independent-challenges/seattle_grace_2105/spec/hospital_spec.rb": {
        "lines": [
          1,
          1,
          null,
          1,
          1,
          1,
          null,
          null,
          1,
          1,
          3,
          3,
          null,
          3,
          null,
          null,
          null,
          null,
          null,
          null,
          null,
          null,
          null,
          null,
          null,
          null,
          null,
          null,
          null,
          null,
          null,
          null,
          1,
          1,
          1,
          null,
          1,
          1,
          1,
          null,
          1,
          1,
          null,
          1,
          1,
          1,
          1,
          1,
          1,
          1,
          1,
          null,
          null,
          1,
          1,
          null,
          1,
          1,
          1,
          null,
          1,
          1,
          null,
          null,
          1,
          1,
          1,
          null,
          null,
          null,
          1,
          1,
          null,
          1,
          1,
          null,
          1,
          1,
          1,
          1,
          null,
          null,
          null
        ]
      },
      "/Users/taylorvaroglu/Desktop/DesktopFiles/mod1/independent-challenges/seattle_grace_2105/lib/hospital.rb": {
        "lines": [
          1,
          1,
          null,
          1,
          9,
          9,
          25,
          1,
          null,
          8,
          null,
          null,
          null,
          1,
          10,
          null,
          null,
          1,
          4,
          null,
          null,
          1,
          6,
          null,
          null,
          1,
          13,
          null,
          null,
          1,
          42,
          null,
          null,
          null
        ]
      },
      "/Users/taylorvaroglu/Desktop/DesktopFiles/mod1/independent-challenges/seattle_grace_2105/spec/network_spec.rb": {
        "lines": [
          1,
          1,
          null,
          1,
          1,
          1,
          1,
          null,
          null,
          1,
          1,
          3,
          null,
          3,
          null,
          null,
          null,
          null,
          null,
          null,
          null,
          null,
          null,
          null,
          null,
          null,
          null,
          null,
          null,
          null,
          null,
          3,
          null,
          null,
          null,
          null,
          null,
          null,
          null,
          null,
          null,
          null,
          null,
          null,
          null,
          null,
          null,
          null,
          3,
          3,
          null,
          null,
          1,
          1,
          null,
          1,
          1,
          1,
          null,
          null,
          1,
          1,
          null,
          null,
          1,
          null,
          null,
          null,
          4,
          null,
          1,
          1,
          1,
          1,
          1,
          1,
          1,
          1,
          1,
          1,
          1,
          1,
          null,
          1,
          1,
          1,
          1,
          1,
          1,
          1,
          1,
          1,
          1,
          1,
          null,
          null,
          1,
          1,
          null,
          null,
          1,
          null,
          null,
          null,
          4,
          null,
          1,
          null,
          1,
          1,
          1,
          1,
          1,
          1,
          1,
          null,
          1,
          1,
          1,
          1,
          1,
          1,
          1,
          null,
          1,
          null,
          null,
          null
        ]
      },
      "/Users/taylorvaroglu/Desktop/DesktopFiles/mod1/independent-challenges/seattle_grace_2105/lib/network.rb": {
        "lines": [
          1,
          1,
          null,
          1,
          3,
          3,
          null,
          null,
          1,
          6,
          null,
          null,
          1,
          1,
          2,
          2,
          null,
          null,
          1,
          21,
          null,
          null,
          1,
          7,
          7,
          42,
          null,
          7,
          null,
          null,
          1,
          7,
          21,
          42,
          84,
          null,
          null,
          null,
          null,
          null,
          1,
          1,
          1,
          1,
          2,
          2,
          null,
          1,
          null,
          null,
          null,
          null
        ]
      }
    },
    "timestamp": 1623774224
  }
}
